============================================================
Time  2022/07/08 16:43:10 766 
============================================================
[2022/07/08 16:43:10 766] grm_lex    264  SYS_MSG_LOAD  
[2022/07/08 16:43:10 766] grm_lex    281  SYS_MSG_REGCB  
[2022/07/08 16:43:10 766] grm_lex    267  SYS_MSG_UNLOAD  
[2022/07/08 16:43:10 766] grm_lex    281  SYS_MSG_REGCB  
[2022/07/08 16:43:10 766] grm_lex    251  ISR_MSG_BUILDGRAMMAR  
[2022/07/08 16:43:10 766] grm_lex    100  grm_type :  bnf  
[2022/07/08 16:43:10 766] grm_lex    106  engine_type  :  local  
[2022/07/08 16:43:10 766] grm_lex    106  asr_res_path  :  fo|res/asr/common.jet  
[2022/07/08 16:43:10 766] grm_lex    106  sample_rate  :  16000  
[2022/07/08 16:43:10 766] grm_lex    106  grm_build_path  :  res/asr/GrmBuilld  
[2022/07/08 16:43:10 766] grm_lex    254  ISR_MSG_BUILDGRAMMAR ret =  10107  
[2022/07/08 16:43:11 069] grm_lex    270  SYS_MSG_SHUTDOWN  
============================================================
Time  2022/07/08 16:44:12 709 
============================================================
[2022/07/08 16:44:12 709] grm_lex    264  SYS_MSG_LOAD  
[2022/07/08 16:44:12 709] grm_lex    281  SYS_MSG_REGCB  
[2022/07/08 16:44:12 709] grm_lex    267  SYS_MSG_UNLOAD  
[2022/07/08 16:44:12 709] grm_lex    281  SYS_MSG_REGCB  
[2022/07/08 16:44:12 709] grm_lex    251  ISR_MSG_BUILDGRAMMAR  
[2022/07/08 16:44:12 709] grm_lex    100  grm_type :  bnf  
[2022/07/08 16:44:12 709] grm_lex    106  engine_type  :  local  
[2022/07/08 16:44:12 709] grm_lex    106  asr_res_path  :  fo|res/asr/common.jet  
[2022/07/08 16:44:12 709] grm_lex    106  sample_rate  :  16000  
[2022/07/08 16:44:12 709] grm_lex    106  grm_build_path  :  res/asr/GrmBuilld  
[2022/07/08 16:44:12 710] grm_lex    254  ISR_MSG_BUILDGRAMMAR ret =  10107  
[2022/07/08 16:44:13 013] grm_lex    270  SYS_MSG_SHUTDOWN  
