============================================================
Time  2022/07/08 16:43:10 764 
============================================================
[2022/07/08 16:43:10 764] lgi        684  SYS_MSG_LOAD  
[2022/07/08 16:43:10 765] lgi        706  SYS_MSG_REGCB  msp_status_cb  func(8c013250) 
[2022/07/08 16:43:10 765] lgi        298  LGI_MSG_INIT  
[2022/07/08 16:43:10 765] lgi        305  lgi  lgi_  268436457  1573471853  
[2022/07/08 16:43:10 765] lgi        403  token:  nil  
[2022/07/08 16:43:10 765] lgi        476  msc cver : 5.0.44.1288  
[2022/07/08 16:43:10 765] lgi        519  ns_enable=  1  
[2022/07/08 16:43:10 765] lgi        531  prot_ver=1  
[2022/07/08 16:43:10 765] lgi        542  prot_type=tcp  
[2022/07/08 16:43:10 765] lgi        693  SYS_MSG_UNLOAD  go bg!  
[2022/07/08 16:43:11 070] lgi        697  SYS_MSG_SHUTDOWN  
============================================================
Time  2022/07/08 16:44:12 707 
============================================================
[2022/07/08 16:44:12 707] lgi        684  SYS_MSG_LOAD  
[2022/07/08 16:44:12 708] lgi        706  SYS_MSG_REGCB  msp_status_cb  func(e0013250) 
[2022/07/08 16:44:12 708] lgi        298  LGI_MSG_INIT  
[2022/07/08 16:44:12 708] lgi        305  lgi  lgi_  268436457  1573471853  
[2022/07/08 16:44:12 708] lgi        403  token:  nil  
[2022/07/08 16:44:12 708] lgi        476  msc cver : 5.0.44.1288  
[2022/07/08 16:44:12 708] lgi        519  ns_enable=  1  
[2022/07/08 16:44:12 708] lgi        531  prot_ver=1  
[2022/07/08 16:44:12 709] lgi        542  prot_type=tcp  
[2022/07/08 16:44:12 709] lgi        693  SYS_MSG_UNLOAD  go bg!  
[2022/07/08 16:44:13 014] lgi        697  SYS_MSG_SHUTDOWN  
