============================================================
Time  2022/07/08 16:43:10 755 
============================================================
[2022/07/08 16:43:10 755][Px11bb][Txab25a740][DBG] MSPTHREAD  MSPThreadP 734  POST socket_main_0:1:1:0
[2022/07/08 16:43:10 755][Px11bb][Txaaabe700][DBG] MSPTHREAD  MSPThreadP 826  socket_main_0 IDLE
[2022/07/08 16:43:10 755][Px11bb][Txaaabe700][DBG] MSPTHREAD  MSPThreadP 868  socket_main_0 RUN <socket_main_0>
[2022/07/08 16:43:10 756][Px11bb][Txab25a740][DBG] MSPTHREAD  MSPThreadP 734  POST l_engine_1:1:1:0
[2022/07/08 16:43:10 756][Px11bb][Txa9abc700][DBG] MSPTHREAD  MSPThreadP 826  l_engine_1 IDLE
[2022/07/08 16:43:10 756][Px11bb][Txa9abc700][DBG] MSPTHREAD  MSPThreadP 868  l_engine_1 RUN <l_engine_1>
[2022/07/08 16:43:10 756][Px11bb][Txab25a740][DBG] MSPTHREAD  MSPThreadP 734  POST l_engine_2:1:1:0
[2022/07/08 16:43:10 756][Px11bb][Txa92bb700][DBG] MSPTHREAD  MSPThreadP 826  l_engine_2 IDLE
[2022/07/08 16:43:10 756][Px11bb][Txa92bb700][DBG] MSPTHREAD  MSPThreadP 868  l_engine_2 RUN <l_engine_2>
[2022/07/08 16:43:10 756][Px11bb][Txab25a740][DBG] MSPTHREAD  MSPThreadP 734  POST l_engine_3:1:1:0
[2022/07/08 16:43:10 756][Px11bb][Txa8aba700][DBG] MSPTHREAD  MSPThreadP 826  l_engine_3 IDLE
[2022/07/08 16:43:10 757][Px11bb][Txa8aba700][DBG] MSPTHREAD  MSPThreadP 868  l_engine_3 RUN <l_engine_3>
[2022/07/08 16:43:10 757][Px11bb][Txab25a740][DBG] MSPTHREAD  MSPThreadP 734  POST l_engine_4:1:1:0
[2022/07/08 16:43:10 757][Px11bb][Tx9bfff700][DBG] MSPTHREAD  MSPThreadP 826  l_engine_4 IDLE
[2022/07/08 16:43:10 757][Px11bb][Tx9bfff700][DBG] MSPTHREAD  MSPThreadP 868  l_engine_4 RUN <l_engine_4>
[2022/07/08 16:43:10 757][Px11bb][Txab25a740][DBG] MSPTHREAD  MSPThreadP 734  POST l_engine_5:1:1:0
[2022/07/08 16:43:10 757][Px11bb][Tx9b7fe700][DBG] MSPTHREAD  MSPThreadP 826  l_engine_5 IDLE
[2022/07/08 16:43:10 757][Px11bb][Tx9b7fe700][DBG] MSPTHREAD  MSPThreadP 868  l_engine_5 RUN <l_engine_5>
[2022/07/08 16:43:10 758][Px11bb][Txab25a740][DBG] MSPTHREAD  MSPThreadP 734  POST l_engine_6:1:1:0
[2022/07/08 16:43:10 758][Px11bb][Tx9affd700][DBG] MSPTHREAD  MSPThreadP 826  l_engine_6 IDLE
[2022/07/08 16:43:10 758][Px11bb][Tx9affd700][DBG] MSPTHREAD  MSPThreadP 868  l_engine_6 RUN <l_engine_6>
[2022/07/08 16:43:10 758][Px11bb][Txab25a740][TRC] MSPCMN     msp_cmn.c  1300 MSPLogin(0,0,403ab94f) [in]
[2022/07/08 16:43:10 758][Px11bb][Txab25a740][TRC] LENGINE    leng_shell 109  lEngine_Start(aaef5874,8e52f070,1, 0) [in]
[2022/07/08 16:43:10 758][Px11bb][Txab25a740][INF] LLOADER    lloader.c  327  load lgi
[2022/07/08 16:43:10 758][Px11bb][Txab25a740][INF] LLOADER    lloader.c  339  a intalled entry
[2022/07/08 16:43:10 758][Px11bb][Txab25a740][INF] LLOADER    lloader.c  365  from rom
[2022/07/08 16:43:10 758][Px11bb][Txab25a740][PRF] LLOADER    lloader.c  397  load lgi cost 0 (ms)
[2022/07/08 16:43:10 759][Px11bb][Txab25a740][DBG] LENGINE    leng_shell 204  env=41de45e0,lgi,lgi_
[2022/07/08 16:43:10 759][Px11bb][Txab25a740][DBG] MSPTHREAD  MSPThreadP 734  POST l_engine_6:6:1:1
[2022/07/08 16:43:10 759][Px11bb][Txab25a740][TRC] LENGINE    leng_shell 275  lEngine_Start() [out] 0
[2022/07/08 16:43:10 759][Px11bb][Txab25a740][TRC] LENGINE    leng_shell 418  lEngine_SendMessage(41de45e0,1,4,,,) [in]
[2022/07/08 16:43:10 759][Px11bb][Txab25a740][DBG] MSPTHREAD  MSPThreadP 734  POST l_engine_6:11:1:0
[2022/07/08 16:43:10 759][Px11bb][Tx9affd700][DBG] LENGINE    leng_main. 565  ENGINE_MSG_LOAD
[2022/07/08 16:43:10 759][Px11bb][Tx9affd700][DBG] LENGINE    leng_main. 209  lEngine_LoadEnv(ab18c780,41de45e0) [in]
[2022/07/08 16:43:10 760][Px11bb][Tx9affd700][INF] LLOADER    lloader.c  327  load ecode
[2022/07/08 16:43:10 760][Px11bb][Tx9affd700][INF] LLOADER    lloader.c  339  a intalled entry
[2022/07/08 16:43:10 760][Px11bb][Tx9affd700][INF] LLOADER    lloader.c  365  from rom
[2022/07/08 16:43:10 760][Px11bb][Tx9affd700][PRF] LLOADER    lloader.c  397  load ecode cost 0 (ms)
[2022/07/08 16:43:10 760][Px11bb][Tx9affd700][INF] LLOADER    lloader.c  327  load config
[2022/07/08 16:43:10 760][Px11bb][Tx9affd700][INF] LLOADER    lloader.c  339  a intalled entry
[2022/07/08 16:43:10 760][Px11bb][Tx9affd700][INF] LLOADER    lloader.c  365  from rom
[2022/07/08 16:43:10 760][Px11bb][Tx9affd700][PRF] LLOADER    lloader.c  397  load config cost 0 (ms)
[2022/07/08 16:43:10 760][Px11bb][Tx9affd700][INF] LMOD       luac_logge 172  [config:43:use general cloud  ]
[2022/07/08 16:43:10 760][Px11bb][Tx9affd700][INF] LLOADER    lloader.c  327  load update
[2022/07/08 16:43:10 760][Px11bb][Tx9affd700][INF] LLOADER    lloader.c  339  a intalled entry
[2022/07/08 16:43:10 760][Px11bb][Tx9affd700][INF] LLOADER    lloader.c  365  from rom
[2022/07/08 16:43:10 760][Px11bb][Tx9affd700][PRF] LLOADER    lloader.c  397  load update cost 0 (ms)
[2022/07/08 16:43:10 761][Px11bb][Tx9affd700][INF] LLOADER    lloader.c  327  load transport
[2022/07/08 16:43:10 761][Px11bb][Tx9affd700][INF] LLOADER    lloader.c  339  a intalled entry
[2022/07/08 16:43:10 761][Px11bb][Tx9affd700][INF] LLOADER    lloader.c  365  from rom
[2022/07/08 16:43:10 761][Px11bb][Tx9affd700][PRF] LLOADER    lloader.c  397  load transport cost 0 (ms)
[2022/07/08 16:43:10 762][Px11bb][Tx9affd700][INF] LLOADER    lloader.c  327  load ns
[2022/07/08 16:43:10 762][Px11bb][Tx9affd700][INF] LLOADER    lloader.c  339  a intalled entry
[2022/07/08 16:43:10 762][Px11bb][Tx9affd700][INF] LLOADER    lloader.c  365  from rom
[2022/07/08 16:43:10 762][Px11bb][Tx9affd700][PRF] LLOADER    lloader.c  397  load ns cost 1 (ms)
[2022/07/08 16:43:10 763][Px11bb][Tx9affd700][INF] LLOADER    lloader.c  327  load network
[2022/07/08 16:43:10 763][Px11bb][Tx9affd700][INF] LLOADER    lloader.c  339  a intalled entry
[2022/07/08 16:43:10 763][Px11bb][Tx9affd700][INF] LLOADER    lloader.c  365  from rom
[2022/07/08 16:43:10 763][Px11bb][Tx9affd700][PRF] LLOADER    lloader.c  397  load network cost 0 (ms)
[2022/07/08 16:43:10 764][Px11bb][Tx9affd700][DBG] LENGINE    leng_main. 263  precall return 0
[2022/07/08 16:43:10 764][Px11bb][Tx9affd700][DBG] LENGINE    leng_main. 288  [lgi_], ACTIVE
[2022/07/08 16:43:10 764][Px11bb][Tx9affd700][DBG] LENGINE    leng_rpc.c 416  luacRPCFuncProto_Invoke(8c0489e0,41de45e0) [in]
[2022/07/08 16:43:10 764][Px11bb][Tx9affd700][TRC] LMOD       luac_logge 170  [lgi:684:SYS_MSG_LOAD  ]
[2022/07/08 16:43:10 764][Px11bb][Tx9affd700][INF] LLOADER    lloader.c  327  load dkjson
[2022/07/08 16:43:10 764][Px11bb][Tx9affd700][INF] LLOADER    lloader.c  339  a intalled entry
[2022/07/08 16:43:10 764][Px11bb][Tx9affd700][INF] LLOADER    lloader.c  365  from rom
[2022/07/08 16:43:10 764][Px11bb][Tx9affd700][PRF] LLOADER    lloader.c  397  load dkjson cost 1 (ms)
[2022/07/08 16:43:10 764][Px11bb][Tx9affd700][INF] LLOADER    lloader.c  327  load debug
[2022/07/08 16:43:10 764][Px11bb][Tx9affd700][ERR] LLOADER    lloader.c  390  not found!
[2022/07/08 16:43:10 765][Px11bb][Tx9affd700][DBG] LENGINE    leng_rpc.c 533  luacRPCFuncProto_Invoke() [out] ret = 0
[2022/07/08 16:43:10 765][Px11bb][Tx9affd700][DBG] LENGINE    leng_main. 312  [lgi_], loaded
[2022/07/08 16:43:10 765][Px11bb][Tx9affd700][DBG] LENGINE    leng_rpc.c 416  luacRPCFuncProto_Invoke(8c0489e0,41de45e0) [in]
[2022/07/08 16:43:10 765][Px11bb][Tx9affd700][TRC] LMOD       luac_logge 170  [lgi:706:SYS_MSG_REGCB  msp_status_cb  func(8c013250) ]
[2022/07/08 16:43:10 765][Px11bb][Tx9affd700][DBG] LENGINE    leng_rpc.c 533  luacRPCFuncProto_Invoke() [out] ret = 0
[2022/07/08 16:43:10 765][Px11bb][Tx9affd700][DBG] LENGINE    leng_main. 345  lEngine_LoadEnv() [out] successfully
[2022/07/08 16:43:10 765][Px11bb][Tx9affd700][DBG] LENGINE    leng_main. 571  lgi_, eng = l_engine_6, env = 41de45e0, L = 41de4680
[2022/07/08 16:43:10 765][Px11bb][Tx9affd700][INF] LENGINE    leng_main. 572  l_engine_6 occupancy: 1 (33%)
[2022/07/08 16:43:10 765][Px11bb][Tx9affd700][DBG] LENGINE    leng_main. 539  ENGINE_MSG_RPC_SYNC
[2022/07/08 16:43:10 765][Px11bb][Tx9affd700][DBG] LENGINE    leng_main. 547  [lgi_], stat = 1
[2022/07/08 16:43:10 765][Px11bb][Tx9affd700][DBG] LENGINE    leng_rpc.c 416  luacRPCFuncProto_Invoke(41de5c80,41de45e0) [in]
[2022/07/08 16:43:10 765][Px11bb][Tx9affd700][TRC] LMOD       luac_logge 170  [lgi:298:LGI_MSG_INIT  ]
[2022/07/08 16:43:10 765][Px11bb][Tx9affd700][INF] LMOD       luac_logge 172  [lgi:305:lgi  lgi_  268436457  1573471853  ]
[2022/07/08 16:43:10 765][Px11bb][Tx9affd700][TRC] MSPCMN     msp_cmn.c  875  statusCbStub(,,param_num = 5)
[2022/07/08 16:43:10 765][Px11bb][Tx9affd700][PRF] LENGINE    leng_main. 189  callc(msp_status_cb) cost 0 ms
[2022/07/08 16:43:10 765][Px11bb][Tx9affd700][TRC] LMOD       luac_logge 170  [lgi:403:token:  nil  ]
[2022/07/08 16:43:10 765][Px11bb][Tx9affd700][INF] LMOD       luac_logge 172  [lgi:476:msc cver : 5.0.44.1288  ]
[2022/07/08 16:43:10 765][Px11bb][Tx9affd700][INF] LMOD       luac_logge 172  [lgi:519:ns_enable=  1  ]
[2022/07/08 16:43:10 765][Px11bb][Tx9affd700][INF] LMOD       luac_logge 172  [lgi:531:prot_ver=1  ]
[2022/07/08 16:43:10 765][Px11bb][Tx9affd700][INF] LMOD       luac_logge 172  [lgi:542:prot_type=tcp  ]
[2022/07/08 16:43:10 765][Px11bb][Tx9affd700][DBG] LENGINE    leng_rpc.c 533  luacRPCFuncProto_Invoke() [out] ret = 0
[2022/07/08 16:43:10 765][Px11bb][Txab25a740][TRC] LENGINE    leng_shell 461  lEngine_SendMessage() [out] 0
[2022/07/08 16:43:10 765][Px11bb][Txab25a740][TRC] LENGINE    leng_shell 310  lEngine_Stop(41de45e0) [in]
[2022/07/08 16:43:10 765][Px11bb][Txab25a740][DBG] MSPTHREAD  MSPThreadP 734  POST l_engine_6:7:1:1
[2022/07/08 16:43:10 765][Px11bb][Tx9affd700][DBG] LENGINE    leng_main. 586  ENGINE_MSG_UNLOAD
[2022/07/08 16:43:10 765][Px11bb][Tx9affd700][DBG] LENGINE    leng_rpc.c 416  luacRPCFuncProto_Invoke(8c0489e0,41de45e0) [in]
[2022/07/08 16:43:10 765][Px11bb][Tx9affd700][TRC] LMOD       luac_logge 170  [lgi:693:SYS_MSG_UNLOAD  go bg!  ]
[2022/07/08 16:43:10 765][Px11bb][Tx9affd700][DBG] LENGINE    leng_rpc.c 533  luacRPCFuncProto_Invoke() [out] ret = 0
[2022/07/08 16:43:10 765][Px11bb][Tx9affd700][DBG] LENGINE    leng_main. 623  [lgi_] active, go bg!
[2022/07/08 16:43:10 765][Px11bb][Txab25a740][TRC] LENGINE    leng_shell 369  lEngine_Stop() [out] 0
[2022/07/08 16:43:10 765][Px11bb][Txab25a740][TRC] MSPCMN     msp_cmn.c  1483 MSPLogin() [out] 0
[2022/07/08 16:43:10 765][Px11bb][Txab25a740][TRC] QISR       qisr.c     917  QISRBuildGrammar(403ab61c,41dee8b0,896,8e52f0a0) [in]
[2022/07/08 16:43:10 765][Px11bb][Txab25a740][TRC] LENGINE    leng_shell 109  lEngine_Start(aaef58a6,8e52efe0,1, 0) [in]
[2022/07/08 16:43:10 765][Px11bb][Txab25a740][INF] LLOADER    lloader.c  327  load grm_lex
[2022/07/08 16:43:10 765][Px11bb][Txab25a740][INF] LLOADER    lloader.c  339  a intalled entry
[2022/07/08 16:43:10 766][Px11bb][Txab25a740][INF] LLOADER    lloader.c  365  from rom
[2022/07/08 16:43:10 766][Px11bb][Txab25a740][PRF] LLOADER    lloader.c  397  load grm_lex cost 0 (ms)
[2022/07/08 16:43:10 766][Px11bb][Txab25a740][DBG] LENGINE    leng_shell 204  env=41deec40,grm_lex,local_grm
[2022/07/08 16:43:10 766][Px11bb][Txab25a740][DBG] MSPTHREAD  MSPThreadP 734  POST l_engine_5:6:1:1
[2022/07/08 16:43:10 766][Px11bb][Txab25a740][TRC] LENGINE    leng_shell 275  lEngine_Start() [out] 0
[2022/07/08 16:43:10 766][Px11bb][Txab25a740][TRC] LENGINE    leng_shell 477  lEngine_RegisterCallBack(41deec40,aaf4eb75,aae70a60,0,) [in]
[2022/07/08 16:43:10 766][Px11bb][Txab25a740][DBG] MSPTHREAD  MSPThreadP 734  POST l_engine_5:8:1:0
[2022/07/08 16:43:10 766][Px11bb][Txab25a740][TRC] LENGINE    leng_shell 514  lEngine_RegisterCallBack() [out] 0
[2022/07/08 16:43:10 766][Px11bb][Txab25a740][TRC] LENGINE    leng_shell 380  lEngine_PostMessage(41deec40,1,3,) [in]
[2022/07/08 16:43:10 766][Px11bb][Txab25a740][WAR] LENGINE    leng_shell 390  msg send while not active
[2022/07/08 16:43:10 766][Px11bb][Txab25a740][DBG] MSPTHREAD  MSPThreadP 734  POST l_engine_5:10:1:0
[2022/07/08 16:43:10 766][Px11bb][Txab25a740][TRC] LENGINE    leng_shell 407  lEngine_PostMessage() [out] 0
[2022/07/08 16:43:10 766][Px11bb][Txab25a740][TRC] LENGINE    leng_shell 310  lEngine_Stop(41deec40) [in]
[2022/07/08 16:43:10 766][Px11bb][Txab25a740][DBG] MSPTHREAD  MSPThreadP 734  POST l_engine_5:7:1:0
[2022/07/08 16:43:10 766][Px11bb][Tx9b7fe700][DBG] LENGINE    leng_main. 565  ENGINE_MSG_LOAD
[2022/07/08 16:43:10 766][Px11bb][Tx9b7fe700][DBG] LENGINE    leng_main. 209  lEngine_LoadEnv(ab18c740,41deec40) [in]
[2022/07/08 16:43:10 766][Px11bb][Tx9b7fe700][INF] LLOADER    lloader.c  327  load ecode
[2022/07/08 16:43:10 766][Px11bb][Tx9b7fe700][INF] LLOADER    lloader.c  339  a intalled entry
[2022/07/08 16:43:10 766][Px11bb][Tx9b7fe700][INF] LLOADER    lloader.c  365  from rom
[2022/07/08 16:43:10 766][Px11bb][Tx9b7fe700][PRF] LLOADER    lloader.c  397  load ecode cost 0 (ms)
[2022/07/08 16:43:10 766][Px11bb][Tx9b7fe700][DBG] LENGINE    leng_main. 263  precall return 0
[2022/07/08 16:43:10 766][Px11bb][Tx9b7fe700][DBG] LENGINE    leng_main. 288  [local_grm], ACTIVE
[2022/07/08 16:43:10 766][Px11bb][Tx9b7fe700][DBG] LENGINE    leng_rpc.c 416  luacRPCFuncProto_Invoke(880137f0,41deec40) [in]
[2022/07/08 16:43:10 766][Px11bb][Tx9b7fe700][TRC] LMOD       luac_logge 170  [grm_lex:264:SYS_MSG_LOAD  ]
[2022/07/08 16:43:10 766][Px11bb][Tx9b7fe700][DBG] LENGINE    leng_rpc.c 533  luacRPCFuncProto_Invoke() [out] ret = 0
[2022/07/08 16:43:10 766][Px11bb][Tx9b7fe700][DBG] LENGINE    leng_main. 312  [local_grm], loaded
[2022/07/08 16:43:10 766][Px11bb][Tx9b7fe700][DBG] LENGINE    leng_rpc.c 416  luacRPCFuncProto_Invoke(880137f0,41deec40) [in]
[2022/07/08 16:43:10 766][Px11bb][Tx9b7fe700][TRC] LMOD       luac_logge 170  [grm_lex:281:SYS_MSG_REGCB  ]
[2022/07/08 16:43:10 766][Px11bb][Tx9b7fe700][DBG] LENGINE    leng_rpc.c 533  luacRPCFuncProto_Invoke() [out] ret = 0
[2022/07/08 16:43:10 766][Px11bb][Tx9b7fe700][DBG] LENGINE    leng_main. 345  lEngine_LoadEnv() [out] successfully
[2022/07/08 16:43:10 766][Px11bb][Tx9b7fe700][DBG] LENGINE    leng_main. 571  local_grm, eng = l_engine_5, env = 41deec40, L = 41de6520
[2022/07/08 16:43:10 766][Px11bb][Tx9b7fe700][INF] LENGINE    leng_main. 572  l_engine_5 occupancy: 1 (33%)
[2022/07/08 16:43:10 766][Px11bb][Tx9b7fe700][DBG] LENGINE    leng_main. 586  ENGINE_MSG_UNLOAD
[2022/07/08 16:43:10 766][Px11bb][Tx9b7fe700][DBG] LENGINE    leng_rpc.c 416  luacRPCFuncProto_Invoke(880137f0,41deec40) [in]
[2022/07/08 16:43:10 766][Px11bb][Tx9b7fe700][TRC] LMOD       luac_logge 170  [grm_lex:267:SYS_MSG_UNLOAD  ]
[2022/07/08 16:43:10 766][Px11bb][Tx9b7fe700][DBG] LENGINE    leng_rpc.c 533  luacRPCFuncProto_Invoke() [out] ret = 0
[2022/07/08 16:43:10 766][Px11bb][Tx9b7fe700][DBG] LENGINE    leng_main. 623  [local_grm] active, go bg!
[2022/07/08 16:43:10 766][Px11bb][Tx9b7fe700][DBG] LENGINE    leng_main. 690  ENGINE_MSG_REGCB
[2022/07/08 16:43:10 766][Px11bb][Tx9b7fe700][DBG] LENGINE    leng_main. 715  local_grm (grmMessageCallBackC)
[2022/07/08 16:43:10 766][Px11bb][Tx9b7fe700][DBG] LENGINE    leng_rpc.c 416  luacRPCFuncProto_Invoke(880137f0,41deec40) [in]
[2022/07/08 16:43:10 766][Px11bb][Tx9b7fe700][TRC] LMOD       luac_logge 170  [grm_lex:281:SYS_MSG_REGCB  ]
[2022/07/08 16:43:10 766][Px11bb][Tx9b7fe700][DBG] LENGINE    leng_rpc.c 533  luacRPCFuncProto_Invoke() [out] ret = 0
[2022/07/08 16:43:10 766][Px11bb][Tx9b7fe700][DBG] LENGINE    leng_main. 517  ENGINE_MSG_RPC_ASYNC
[2022/07/08 16:43:10 766][Px11bb][Tx9b7fe700][DBG] LENGINE    leng_main. 525  [local_grm], stat = 1
[2022/07/08 16:43:10 766][Px11bb][Tx9b7fe700][DBG] LENGINE    leng_rpc.c 416  luacRPCFuncProto_Invoke(41de5c80,41deec40) [in]
[2022/07/08 16:43:10 766][Px11bb][Tx9b7fe700][TRC] LMOD       luac_logge 170  [grm_lex:251:ISR_MSG_BUILDGRAMMAR  ]
[2022/07/08 16:43:10 766][Px11bb][Tx9b7fe700][TRC] LMOD       luac_logge 170  [grm_lex:100:grm_type :  bnf  ]
[2022/07/08 16:43:10 766][Px11bb][Tx9b7fe700][TRC] LMOD       luac_logge 170  [grm_lex:106:engine_type  :  local  ]
[2022/07/08 16:43:10 766][Px11bb][Tx9b7fe700][TRC] LMOD       luac_logge 170  [grm_lex:106:asr_res_path  :  fo|res/asr/common.jet  ]
[2022/07/08 16:43:10 766][Px11bb][Tx9b7fe700][TRC] LMOD       luac_logge 170  [grm_lex:106:sample_rate  :  16000  ]
[2022/07/08 16:43:10 766][Px11bb][Tx9b7fe700][TRC] LMOD       luac_logge 170  [grm_lex:106:grm_build_path  :  res/asr/GrmBuilld  ]
[2022/07/08 16:43:10 766][Px11bb][Tx9b7fe700][TRC] LENGINE    leng_shell 109  lEngine_Start(88009cd8,8800f418,0, 0) [in]
[2022/07/08 16:43:10 766][Px11bb][Tx9b7fe700][INF] LLOADER    lloader.c  327  load isr_local
[2022/07/08 16:43:10 766][Px11bb][Tx9b7fe700][ERR] LLOADER    lloader.c  390  not found!
[2022/07/08 16:43:10 766][Px11bb][Tx9b7fe700][ERR] LENGINE    leng_shell 195  load isr_local.lmod failed! 16001
[2022/07/08 16:43:10 766][Px11bb][Tx9b7fe700][TRC] LENGINE    leng_shell 275  lEngine_Start() [out] 16001
[2022/07/08 16:43:10 766][Px11bb][Txab25a740][TRC] LENGINE    leng_shell 369  lEngine_Stop() [out] 0
[2022/07/08 16:43:10 766][Px11bb][Txab25a740][TRC] QISR       qisr.c     998  QISRBuildGrammar() [out] 0
[2022/07/08 16:43:10 766][Px11bb][Tx9b7fe700][TRC] LMOD       luac_logge 170  [grm_lex:254:ISR_MSG_BUILDGRAMMAR ret =  10107  ]
[2022/07/08 16:43:10 766][Px11bb][Tx9b7fe700][TRC] QISR       qisr.c     864  grmMessageCallBackC| enter
[2022/07/08 16:43:10 766][Px11bb][Tx9b7fe700][TRC] QISR       qisr.c     895  grmMessageCallBackC| leave
[2022/07/08 16:43:10 766][Px11bb][Tx9b7fe700][PRF] LENGINE    leng_main. 189  callc(grmMessageCallBackC) cost 0 ms
[2022/07/08 16:43:10 766][Px11bb][Tx9b7fe700][DBG] LENGINE    leng_rpc.c 533  luacRPCFuncProto_Invoke() [out] ret = 0
[2022/07/08 16:43:11 066][Px11bb][Txab25a740][TRC] MSPCMN     msp_cmn.c  1554 MSPLogout() [in]
[2022/07/08 16:43:11 067][Px11bb][Txab25a740][DBG] MSPTHREAD  MSPThreadP 734  POST l_engine_1:5:1:1
[2022/07/08 16:43:11 067][Px11bb][Txab25a740][DBG] MSPTHREAD  MSPThreadP 734  POST l_engine_1:2:1:0
[2022/07/08 16:43:11 067][Px11bb][Txa9abc700][DBG] LENGINE    leng_main. 750  ENGINE_MSG_EXIT
[2022/07/08 16:43:11 067][Px11bb][Txa9abc700][DBG] MSPTHREAD  MSPThreadP 872  l_engine_1 END <l_engine_1>
[2022/07/08 16:43:11 067][Px11bb][Txa9abc700][DBG] MSPTHREAD  MSPThreadP 895  l_engine_1 IDLE
[2022/07/08 16:43:11 067][Px11bb][Txab25a740][DBG] MSPTHREAD  MSPThreadP 734  POST l_engine_2:5:1:1
[2022/07/08 16:43:11 067][Px11bb][Txab25a740][DBG] MSPTHREAD  MSPThreadP 734  POST l_engine_2:2:1:0
[2022/07/08 16:43:11 067][Px11bb][Txa92bb700][DBG] LENGINE    leng_main. 750  ENGINE_MSG_EXIT
[2022/07/08 16:43:11 067][Px11bb][Txa92bb700][DBG] MSPTHREAD  MSPThreadP 872  l_engine_2 END <l_engine_2>
[2022/07/08 16:43:11 067][Px11bb][Txa92bb700][DBG] MSPTHREAD  MSPThreadP 895  l_engine_2 IDLE
[2022/07/08 16:43:11 068][Px11bb][Txab25a740][DBG] MSPTHREAD  MSPThreadP 734  POST l_engine_3:5:1:1
[2022/07/08 16:43:11 068][Px11bb][Txab25a740][DBG] MSPTHREAD  MSPThreadP 734  POST l_engine_3:2:1:0
[2022/07/08 16:43:11 068][Px11bb][Txa8aba700][DBG] LENGINE    leng_main. 750  ENGINE_MSG_EXIT
[2022/07/08 16:43:11 068][Px11bb][Txa8aba700][DBG] MSPTHREAD  MSPThreadP 872  l_engine_3 END <l_engine_3>
[2022/07/08 16:43:11 068][Px11bb][Txa8aba700][DBG] MSPTHREAD  MSPThreadP 895  l_engine_3 IDLE
[2022/07/08 16:43:11 068][Px11bb][Txab25a740][DBG] MSPTHREAD  MSPThreadP 734  POST l_engine_4:5:1:1
[2022/07/08 16:43:11 068][Px11bb][Txab25a740][DBG] MSPTHREAD  MSPThreadP 734  POST l_engine_4:2:1:0
[2022/07/08 16:43:11 068][Px11bb][Tx9bfff700][DBG] LENGINE    leng_main. 750  ENGINE_MSG_EXIT
[2022/07/08 16:43:11 068][Px11bb][Tx9bfff700][DBG] MSPTHREAD  MSPThreadP 872  l_engine_4 END <l_engine_4>
[2022/07/08 16:43:11 068][Px11bb][Tx9bfff700][DBG] MSPTHREAD  MSPThreadP 895  l_engine_4 IDLE
[2022/07/08 16:43:11 068][Px11bb][Txab25a740][DBG] MSPTHREAD  MSPThreadP 734  POST l_engine_5:5:1:1
[2022/07/08 16:43:11 069][Px11bb][Txab25a740][DBG] MSPTHREAD  MSPThreadP 734  POST l_engine_5:2:1:0
[2022/07/08 16:43:11 069][Px11bb][Tx9b7fe700][DBG] LENGINE    leng_main. 750  ENGINE_MSG_EXIT
[2022/07/08 16:43:11 069][Px11bb][Tx9b7fe700][DBG] LENGINE    leng_main. 781  [local_grm] bg, stat = 1
[2022/07/08 16:43:11 069][Px11bb][Tx9b7fe700][DBG] LENGINE    leng_rpc.c 416  luacRPCFuncProto_Invoke(41de5c80,41deec40) [in]
[2022/07/08 16:43:11 069][Px11bb][Tx9b7fe700][TRC] LMOD       luac_logge 170  [grm_lex:270:SYS_MSG_SHUTDOWN  ]
[2022/07/08 16:43:11 069][Px11bb][Tx9b7fe700][TRC] LENGINE    leng_shell 545  lEngine_Exit(41deec40) [in]
[2022/07/08 16:43:11 069][Px11bb][Tx9b7fe700][DBG] LENGINE    leng_shell 549  [local_grm] dying...
[2022/07/08 16:43:11 069][Px11bb][Tx9b7fe700][DBG] MSPTHREAD  MSPThreadP 734  POST l_engine_5:9:1:0
[2022/07/08 16:43:11 069][Px11bb][Tx9b7fe700][TRC] LENGINE    leng_shell 582  lEngine_Exit() [out] 0
[2022/07/08 16:43:11 069][Px11bb][Tx9b7fe700][DBG] LENGINE    leng_rpc.c 533  luacRPCFuncProto_Invoke() [out] ret = 0
[2022/07/08 16:43:11 069][Px11bb][Tx9b7fe700][DBG] MSPTHREAD  MSPThreadP 872  l_engine_5 END <l_engine_5>
[2022/07/08 16:43:11 069][Px11bb][Tx9b7fe700][DBG] MSPTHREAD  MSPThreadP 895  l_engine_5 IDLE
[2022/07/08 16:43:11 069][Px11bb][Txab25a740][DBG] MSPTHREAD  MSPThreadP 734  POST l_engine_6:5:1:1
[2022/07/08 16:43:11 070][Px11bb][Txab25a740][DBG] MSPTHREAD  MSPThreadP 734  POST l_engine_6:2:1:0
[2022/07/08 16:43:11 070][Px11bb][Tx9affd700][DBG] LENGINE    leng_main. 750  ENGINE_MSG_EXIT
[2022/07/08 16:43:11 070][Px11bb][Tx9affd700][DBG] LENGINE    leng_main. 781  [lgi_] bg, stat = 1
[2022/07/08 16:43:11 070][Px11bb][Tx9affd700][DBG] LENGINE    leng_rpc.c 416  luacRPCFuncProto_Invoke(8c0489e0,41de45e0) [in]
[2022/07/08 16:43:11 070][Px11bb][Tx9affd700][TRC] LMOD       luac_logge 170  [lgi:697:SYS_MSG_SHUTDOWN  ]
[2022/07/08 16:43:11 070][Px11bb][Tx9affd700][DBG] LENGINE    leng_rpc.c 533  luacRPCFuncProto_Invoke() [out] ret = 0
[2022/07/08 16:43:11 070][Px11bb][Tx9affd700][DBG] MSPTHREAD  MSPThreadP 872  l_engine_6 END <l_engine_6>
[2022/07/08 16:43:11 070][Px11bb][Tx9affd700][DBG] MSPTHREAD  MSPThreadP 895  l_engine_6 IDLE
[2022/07/08 16:43:11 070][Px11bb][Txab25a740][TRC] LUAC_CLEAN luac_clean 205  luacCleaner_Stop() [in]
[2022/07/08 16:43:11 070][Px11bb][Txab25a740][TRC] LUAC_CLEAN luac_clean 248  luacCleaner_Stop() [out] 0
[2022/07/08 16:43:11 071][Px11bb][Txab25a740][DBG] MSPTHREAD  MSPThreadP 734  POST socket_main_0:10:1:1
[2022/07/08 16:43:11 071][Px11bb][Txab25a740][DBG] MSPTHREAD  MSPThreadP 734  POST socket_main_0:2:1:0
[2022/07/08 16:43:11 071][Px11bb][Txaaabe700][TRC] MSPSOCKET  MSPSocket. 1191 EXIT MSG
[2022/07/08 16:43:11 071][Px11bb][Txaaabe700][DBG] MSPTHREAD  MSPThreadP 872  socket_main_0 END <socket_main_0>
[2022/07/08 16:43:11 071][Px11bb][Txaaabe700][DBG] MSPTHREAD  MSPThreadP 895  socket_main_0 IDLE
[2022/07/08 16:43:11 071][Px11bb][Txab25a740][DBG] MSPTHREAD  MSPThreadP 734  POST l_engine_1:3:1:1
[2022/07/08 16:43:11 071][Px11bb][Txa9abc700][DBG] MSPTHREAD  MSPThreadP 851  l_engine_1 DEAD
[2022/07/08 16:43:11 071][Px11bb][Txab25a740][DBG] MSPTHREAD  MSPThreadP 734  POST l_engine_2:3:1:1
[2022/07/08 16:43:11 071][Px11bb][Txa92bb700][DBG] MSPTHREAD  MSPThreadP 851  l_engine_2 DEAD
[2022/07/08 16:43:11 071][Px11bb][Txab25a740][DBG] MSPTHREAD  MSPThreadP 734  POST l_engine_3:3:1:1
[2022/07/08 16:43:11 072][Px11bb][Txa8aba700][DBG] MSPTHREAD  MSPThreadP 851  l_engine_3 DEAD
[2022/07/08 16:43:11 072][Px11bb][Txab25a740][DBG] MSPTHREAD  MSPThreadP 734  POST l_engine_4:3:1:1
[2022/07/08 16:43:11 072][Px11bb][Tx9bfff700][DBG] MSPTHREAD  MSPThreadP 851  l_engine_4 DEAD
[2022/07/08 16:43:11 072][Px11bb][Txab25a740][DBG] MSPTHREAD  MSPThreadP 734  POST l_engine_5:3:1:1
[2022/07/08 16:43:11 072][Px11bb][Tx9b7fe700][DBG] MSPTHREAD  MSPThreadP 851  l_engine_5 DEAD
[2022/07/08 16:43:11 072][Px11bb][Txab25a740][DBG] MSPTHREAD  MSPThreadP 734  POST l_engine_6:3:1:1
[2022/07/08 16:43:11 073][Px11bb][Tx9affd700][DBG] MSPTHREAD  MSPThreadP 851  l_engine_6 DEAD
[2022/07/08 16:43:11 073][Px11bb][Txab25a740][DBG] MSPTHREAD  MSPThreadP 734  POST socket_main_0:3:1:1
[2022/07/08 16:43:11 073][Px11bb][Txaaabe700][DBG] MSPTHREAD  MSPThreadP 851  socket_main_0 DEAD
============================================================
Time  2022/07/08 16:44:12 699 
============================================================
[2022/07/08 16:44:12 700][Px11eb][Tx4791740][DBG] MSPTHREAD  MSPThreadP 734  POST socket_main_0:1:1:0
[2022/07/08 16:44:12 700][Px11eb][Tx3fc3700][DBG] MSPTHREAD  MSPThreadP 826  socket_main_0 IDLE
[2022/07/08 16:44:12 700][Px11eb][Tx3fc3700][DBG] MSPTHREAD  MSPThreadP 868  socket_main_0 RUN <socket_main_0>
[2022/07/08 16:44:12 700][Px11eb][Tx4791740][DBG] MSPTHREAD  MSPThreadP 734  POST l_engine_1:1:1:0
[2022/07/08 16:44:12 700][Px11eb][Tx2fc1700][DBG] MSPTHREAD  MSPThreadP 826  l_engine_1 IDLE
[2022/07/08 16:44:12 700][Px11eb][Tx2fc1700][DBG] MSPTHREAD  MSPThreadP 868  l_engine_1 RUN <l_engine_1>
[2022/07/08 16:44:12 700][Px11eb][Tx4791740][DBG] MSPTHREAD  MSPThreadP 734  POST l_engine_2:1:1:0
[2022/07/08 16:44:12 700][Px11eb][Tx27c0700][DBG] MSPTHREAD  MSPThreadP 826  l_engine_2 IDLE
[2022/07/08 16:44:12 701][Px11eb][Tx27c0700][DBG] MSPTHREAD  MSPThreadP 868  l_engine_2 RUN <l_engine_2>
[2022/07/08 16:44:12 701][Px11eb][Tx4791740][DBG] MSPTHREAD  MSPThreadP 734  POST l_engine_3:1:1:0
[2022/07/08 16:44:12 701][Px11eb][Tx1fbf700][DBG] MSPTHREAD  MSPThreadP 826  l_engine_3 IDLE
[2022/07/08 16:44:12 701][Px11eb][Tx1fbf700][DBG] MSPTHREAD  MSPThreadP 868  l_engine_3 RUN <l_engine_3>
[2022/07/08 16:44:12 701][Px11eb][Tx4791740][DBG] MSPTHREAD  MSPThreadP 734  POST l_engine_4:1:1:0
[2022/07/08 16:44:12 701][Px11eb][Tx17be700][DBG] MSPTHREAD  MSPThreadP 826  l_engine_4 IDLE
[2022/07/08 16:44:12 701][Px11eb][Tx17be700][DBG] MSPTHREAD  MSPThreadP 868  l_engine_4 RUN <l_engine_4>
[2022/07/08 16:44:12 702][Px11eb][Tx4791740][DBG] MSPTHREAD  MSPThreadP 734  POST l_engine_5:1:1:0
[2022/07/08 16:44:12 702][Px11eb][Txfbd700][DBG] MSPTHREAD  MSPThreadP 826  l_engine_5 IDLE
[2022/07/08 16:44:12 702][Px11eb][Txfbd700][DBG] MSPTHREAD  MSPThreadP 868  l_engine_5 RUN <l_engine_5>
[2022/07/08 16:44:12 702][Px11eb][Tx4791740][DBG] MSPTHREAD  MSPThreadP 734  POST l_engine_6:1:1:0
[2022/07/08 16:44:12 702][Px11eb][Txebfff700][DBG] MSPTHREAD  MSPThreadP 826  l_engine_6 IDLE
[2022/07/08 16:44:12 702][Px11eb][Txebfff700][DBG] MSPTHREAD  MSPThreadP 868  l_engine_6 RUN <l_engine_6>
[2022/07/08 16:44:12 702][Px11eb][Tx4791740][TRC] MSPCMN     msp_cmn.c  1300 MSPLogin(0,0,c180894f) [in]
[2022/07/08 16:44:12 702][Px11eb][Tx4791740][TRC] LENGINE    leng_shell 109  lEngine_Start(44f5874,c2eb6e30,1, 0) [in]
[2022/07/08 16:44:12 702][Px11eb][Tx4791740][INF] LLOADER    lloader.c  327  load lgi
[2022/07/08 16:44:12 702][Px11eb][Tx4791740][INF] LLOADER    lloader.c  339  a intalled entry
[2022/07/08 16:44:12 702][Px11eb][Tx4791740][INF] LLOADER    lloader.c  365  from rom
[2022/07/08 16:44:12 702][Px11eb][Tx4791740][PRF] LLOADER    lloader.c  397  load lgi cost 0 (ms)
[2022/07/08 16:44:12 703][Px11eb][Tx4791740][DBG] LENGINE    leng_shell 204  env=c2c0b5e0,lgi,lgi_
[2022/07/08 16:44:12 703][Px11eb][Tx4791740][DBG] MSPTHREAD  MSPThreadP 734  POST l_engine_6:6:1:1
[2022/07/08 16:44:12 703][Px11eb][Tx4791740][TRC] LENGINE    leng_shell 275  lEngine_Start() [out] 0
[2022/07/08 16:44:12 703][Px11eb][Tx4791740][TRC] LENGINE    leng_shell 418  lEngine_SendMessage(c2c0b5e0,1,4,,,) [in]
[2022/07/08 16:44:12 703][Px11eb][Tx4791740][DBG] MSPTHREAD  MSPThreadP 734  POST l_engine_6:11:1:0
[2022/07/08 16:44:12 703][Px11eb][Txebfff700][DBG] LENGINE    leng_main. 565  ENGINE_MSG_LOAD
[2022/07/08 16:44:12 703][Px11eb][Txebfff700][DBG] LENGINE    leng_main. 209  lEngine_LoadEnv(478c780,c2c0b5e0) [in]
[2022/07/08 16:44:12 704][Px11eb][Txebfff700][INF] LLOADER    lloader.c  327  load ecode
[2022/07/08 16:44:12 704][Px11eb][Txebfff700][INF] LLOADER    lloader.c  339  a intalled entry
[2022/07/08 16:44:12 704][Px11eb][Txebfff700][INF] LLOADER    lloader.c  365  from rom
[2022/07/08 16:44:12 704][Px11eb][Txebfff700][PRF] LLOADER    lloader.c  397  load ecode cost 0 (ms)
[2022/07/08 16:44:12 704][Px11eb][Txebfff700][INF] LLOADER    lloader.c  327  load config
[2022/07/08 16:44:12 704][Px11eb][Txebfff700][INF] LLOADER    lloader.c  339  a intalled entry
[2022/07/08 16:44:12 704][Px11eb][Txebfff700][INF] LLOADER    lloader.c  365  from rom
[2022/07/08 16:44:12 704][Px11eb][Txebfff700][PRF] LLOADER    lloader.c  397  load config cost 0 (ms)
[2022/07/08 16:44:12 704][Px11eb][Txebfff700][INF] LMOD       luac_logge 172  [config:43:use general cloud  ]
[2022/07/08 16:44:12 704][Px11eb][Txebfff700][INF] LLOADER    lloader.c  327  load update
[2022/07/08 16:44:12 704][Px11eb][Txebfff700][INF] LLOADER    lloader.c  339  a intalled entry
[2022/07/08 16:44:12 704][Px11eb][Txebfff700][INF] LLOADER    lloader.c  365  from rom
[2022/07/08 16:44:12 704][Px11eb][Txebfff700][PRF] LLOADER    lloader.c  397  load update cost 0 (ms)
[2022/07/08 16:44:12 704][Px11eb][Txebfff700][INF] LLOADER    lloader.c  327  load transport
[2022/07/08 16:44:12 704][Px11eb][Txebfff700][INF] LLOADER    lloader.c  339  a intalled entry
[2022/07/08 16:44:12 704][Px11eb][Txebfff700][INF] LLOADER    lloader.c  365  from rom
[2022/07/08 16:44:12 704][Px11eb][Txebfff700][PRF] LLOADER    lloader.c  397  load transport cost 0 (ms)
[2022/07/08 16:44:12 706][Px11eb][Txebfff700][INF] LLOADER    lloader.c  327  load ns
[2022/07/08 16:44:12 706][Px11eb][Txebfff700][INF] LLOADER    lloader.c  339  a intalled entry
[2022/07/08 16:44:12 706][Px11eb][Txebfff700][INF] LLOADER    lloader.c  365  from rom
[2022/07/08 16:44:12 706][Px11eb][Txebfff700][PRF] LLOADER    lloader.c  397  load ns cost 0 (ms)
[2022/07/08 16:44:12 706][Px11eb][Txebfff700][INF] LLOADER    lloader.c  327  load network
[2022/07/08 16:44:12 706][Px11eb][Txebfff700][INF] LLOADER    lloader.c  339  a intalled entry
[2022/07/08 16:44:12 706][Px11eb][Txebfff700][INF] LLOADER    lloader.c  365  from rom
[2022/07/08 16:44:12 706][Px11eb][Txebfff700][PRF] LLOADER    lloader.c  397  load network cost 0 (ms)
[2022/07/08 16:44:12 707][Px11eb][Txebfff700][DBG] LENGINE    leng_main. 263  precall return 0
[2022/07/08 16:44:12 707][Px11eb][Txebfff700][DBG] LENGINE    leng_main. 288  [lgi_], ACTIVE
[2022/07/08 16:44:12 707][Px11eb][Txebfff700][DBG] LENGINE    leng_rpc.c 416  luacRPCFuncProto_Invoke(e00489e0,c2c0b5e0) [in]
[2022/07/08 16:44:12 707][Px11eb][Txebfff700][TRC] LMOD       luac_logge 170  [lgi:684:SYS_MSG_LOAD  ]
[2022/07/08 16:44:12 707][Px11eb][Txebfff700][INF] LLOADER    lloader.c  327  load dkjson
[2022/07/08 16:44:12 707][Px11eb][Txebfff700][INF] LLOADER    lloader.c  339  a intalled entry
[2022/07/08 16:44:12 707][Px11eb][Txebfff700][INF] LLOADER    lloader.c  365  from rom
[2022/07/08 16:44:12 708][Px11eb][Txebfff700][PRF] LLOADER    lloader.c  397  load dkjson cost 0 (ms)
[2022/07/08 16:44:12 708][Px11eb][Txebfff700][INF] LLOADER    lloader.c  327  load debug
[2022/07/08 16:44:12 708][Px11eb][Txebfff700][ERR] LLOADER    lloader.c  390  not found!
[2022/07/08 16:44:12 708][Px11eb][Txebfff700][DBG] LENGINE    leng_rpc.c 533  luacRPCFuncProto_Invoke() [out] ret = 0
[2022/07/08 16:44:12 708][Px11eb][Txebfff700][DBG] LENGINE    leng_main. 312  [lgi_], loaded
[2022/07/08 16:44:12 708][Px11eb][Txebfff700][DBG] LENGINE    leng_rpc.c 416  luacRPCFuncProto_Invoke(e00489e0,c2c0b5e0) [in]
[2022/07/08 16:44:12 708][Px11eb][Txebfff700][TRC] LMOD       luac_logge 170  [lgi:706:SYS_MSG_REGCB  msp_status_cb  func(e0013250) ]
[2022/07/08 16:44:12 708][Px11eb][Txebfff700][DBG] LENGINE    leng_rpc.c 533  luacRPCFuncProto_Invoke() [out] ret = 0
[2022/07/08 16:44:12 708][Px11eb][Txebfff700][DBG] LENGINE    leng_main. 345  lEngine_LoadEnv() [out] successfully
[2022/07/08 16:44:12 708][Px11eb][Txebfff700][DBG] LENGINE    leng_main. 571  lgi_, eng = l_engine_6, env = c2c0b5e0, L = c2c0b680
[2022/07/08 16:44:12 708][Px11eb][Txebfff700][INF] LENGINE    leng_main. 572  l_engine_6 occupancy: 1 (33%)
[2022/07/08 16:44:12 708][Px11eb][Txebfff700][DBG] LENGINE    leng_main. 539  ENGINE_MSG_RPC_SYNC
[2022/07/08 16:44:12 708][Px11eb][Txebfff700][DBG] LENGINE    leng_main. 547  [lgi_], stat = 1
[2022/07/08 16:44:12 708][Px11eb][Txebfff700][DBG] LENGINE    leng_rpc.c 416  luacRPCFuncProto_Invoke(c2c0cc80,c2c0b5e0) [in]
[2022/07/08 16:44:12 708][Px11eb][Txebfff700][TRC] LMOD       luac_logge 170  [lgi:298:LGI_MSG_INIT  ]
[2022/07/08 16:44:12 708][Px11eb][Txebfff700][INF] LMOD       luac_logge 172  [lgi:305:lgi  lgi_  268436457  1573471853  ]
[2022/07/08 16:44:12 708][Px11eb][Txebfff700][TRC] MSPCMN     msp_cmn.c  875  statusCbStub(,,param_num = 5)
[2022/07/08 16:44:12 708][Px11eb][Txebfff700][PRF] LENGINE    leng_main. 189  callc(msp_status_cb) cost 0 ms
[2022/07/08 16:44:12 708][Px11eb][Txebfff700][TRC] LMOD       luac_logge 170  [lgi:403:token:  nil  ]
[2022/07/08 16:44:12 708][Px11eb][Txebfff700][INF] LMOD       luac_logge 172  [lgi:476:msc cver : 5.0.44.1288  ]
[2022/07/08 16:44:12 708][Px11eb][Txebfff700][INF] LMOD       luac_logge 172  [lgi:519:ns_enable=  1  ]
[2022/07/08 16:44:12 708][Px11eb][Txebfff700][INF] LMOD       luac_logge 172  [lgi:531:prot_ver=1  ]
[2022/07/08 16:44:12 709][Px11eb][Txebfff700][INF] LMOD       luac_logge 172  [lgi:542:prot_type=tcp  ]
[2022/07/08 16:44:12 709][Px11eb][Txebfff700][DBG] LENGINE    leng_rpc.c 533  luacRPCFuncProto_Invoke() [out] ret = 0
[2022/07/08 16:44:12 709][Px11eb][Tx4791740][TRC] LENGINE    leng_shell 461  lEngine_SendMessage() [out] 0
[2022/07/08 16:44:12 709][Px11eb][Tx4791740][TRC] LENGINE    leng_shell 310  lEngine_Stop(c2c0b5e0) [in]
[2022/07/08 16:44:12 709][Px11eb][Tx4791740][DBG] MSPTHREAD  MSPThreadP 734  POST l_engine_6:7:1:1
[2022/07/08 16:44:12 709][Px11eb][Txebfff700][DBG] LENGINE    leng_main. 586  ENGINE_MSG_UNLOAD
[2022/07/08 16:44:12 709][Px11eb][Txebfff700][DBG] LENGINE    leng_rpc.c 416  luacRPCFuncProto_Invoke(e00489e0,c2c0b5e0) [in]
[2022/07/08 16:44:12 709][Px11eb][Txebfff700][TRC] LMOD       luac_logge 170  [lgi:693:SYS_MSG_UNLOAD  go bg!  ]
[2022/07/08 16:44:12 709][Px11eb][Txebfff700][DBG] LENGINE    leng_rpc.c 533  luacRPCFuncProto_Invoke() [out] ret = 0
[2022/07/08 16:44:12 709][Px11eb][Txebfff700][DBG] LENGINE    leng_main. 623  [lgi_] active, go bg!
[2022/07/08 16:44:12 709][Px11eb][Tx4791740][TRC] LENGINE    leng_shell 369  lEngine_Stop() [out] 0
[2022/07/08 16:44:12 709][Px11eb][Tx4791740][TRC] MSPCMN     msp_cmn.c  1483 MSPLogin() [out] 0
[2022/07/08 16:44:12 709][Px11eb][Tx4791740][TRC] QISR       qisr.c     917  QISRBuildGrammar(c180861c,c2c158b0,896,c2eb6e60) [in]
[2022/07/08 16:44:12 709][Px11eb][Tx4791740][TRC] LENGINE    leng_shell 109  lEngine_Start(44f58a6,c2eb6da0,1, 0) [in]
[2022/07/08 16:44:12 709][Px11eb][Tx4791740][INF] LLOADER    lloader.c  327  load grm_lex
[2022/07/08 16:44:12 709][Px11eb][Tx4791740][INF] LLOADER    lloader.c  339  a intalled entry
[2022/07/08 16:44:12 709][Px11eb][Tx4791740][INF] LLOADER    lloader.c  365  from rom
[2022/07/08 16:44:12 709][Px11eb][Tx4791740][PRF] LLOADER    lloader.c  397  load grm_lex cost 0 (ms)
[2022/07/08 16:44:12 709][Px11eb][Tx4791740][DBG] LENGINE    leng_shell 204  env=c2c15c40,grm_lex,local_grm
[2022/07/08 16:44:12 709][Px11eb][Tx4791740][DBG] MSPTHREAD  MSPThreadP 734  POST l_engine_5:6:1:1
[2022/07/08 16:44:12 709][Px11eb][Tx4791740][TRC] LENGINE    leng_shell 275  lEngine_Start() [out] 0
[2022/07/08 16:44:12 709][Px11eb][Tx4791740][TRC] LENGINE    leng_shell 477  lEngine_RegisterCallBack(c2c15c40,454eb75,4470a60,0,) [in]
[2022/07/08 16:44:12 709][Px11eb][Tx4791740][DBG] MSPTHREAD  MSPThreadP 734  POST l_engine_5:8:1:0
[2022/07/08 16:44:12 709][Px11eb][Tx4791740][TRC] LENGINE    leng_shell 514  lEngine_RegisterCallBack() [out] 0
[2022/07/08 16:44:12 709][Px11eb][Tx4791740][TRC] LENGINE    leng_shell 380  lEngine_PostMessage(c2c15c40,1,3,) [in]
[2022/07/08 16:44:12 709][Px11eb][Tx4791740][WAR] LENGINE    leng_shell 390  msg send while not active
[2022/07/08 16:44:12 709][Px11eb][Tx4791740][DBG] MSPTHREAD  MSPThreadP 734  POST l_engine_5:10:1:0
[2022/07/08 16:44:12 709][Px11eb][Tx4791740][TRC] LENGINE    leng_shell 407  lEngine_PostMessage() [out] 0
[2022/07/08 16:44:12 709][Px11eb][Tx4791740][TRC] LENGINE    leng_shell 310  lEngine_Stop(c2c15c40) [in]
[2022/07/08 16:44:12 709][Px11eb][Tx4791740][DBG] MSPTHREAD  MSPThreadP 734  POST l_engine_5:7:1:0
[2022/07/08 16:44:12 709][Px11eb][Txfbd700][DBG] LENGINE    leng_main. 565  ENGINE_MSG_LOAD
[2022/07/08 16:44:12 709][Px11eb][Txfbd700][DBG] LENGINE    leng_main. 209  lEngine_LoadEnv(478c740,c2c15c40) [in]
[2022/07/08 16:44:12 709][Px11eb][Txfbd700][INF] LLOADER    lloader.c  327  load ecode
[2022/07/08 16:44:12 709][Px11eb][Txfbd700][INF] LLOADER    lloader.c  339  a intalled entry
[2022/07/08 16:44:12 709][Px11eb][Txfbd700][INF] LLOADER    lloader.c  365  from rom
[2022/07/08 16:44:12 709][Px11eb][Txfbd700][PRF] LLOADER    lloader.c  397  load ecode cost 0 (ms)
[2022/07/08 16:44:12 709][Px11eb][Txfbd700][DBG] LENGINE    leng_main. 263  precall return 0
[2022/07/08 16:44:12 709][Px11eb][Txfbd700][DBG] LENGINE    leng_main. 288  [local_grm], ACTIVE
[2022/07/08 16:44:12 709][Px11eb][Txfbd700][DBG] LENGINE    leng_rpc.c 416  luacRPCFuncProto_Invoke(e40137f0,c2c15c40) [in]
[2022/07/08 16:44:12 709][Px11eb][Txfbd700][TRC] LMOD       luac_logge 170  [grm_lex:264:SYS_MSG_LOAD  ]
[2022/07/08 16:44:12 709][Px11eb][Txfbd700][DBG] LENGINE    leng_rpc.c 533  luacRPCFuncProto_Invoke() [out] ret = 0
[2022/07/08 16:44:12 709][Px11eb][Txfbd700][DBG] LENGINE    leng_main. 312  [local_grm], loaded
[2022/07/08 16:44:12 709][Px11eb][Txfbd700][DBG] LENGINE    leng_rpc.c 416  luacRPCFuncProto_Invoke(e40137f0,c2c15c40) [in]
[2022/07/08 16:44:12 709][Px11eb][Txfbd700][TRC] LMOD       luac_logge 170  [grm_lex:281:SYS_MSG_REGCB  ]
[2022/07/08 16:44:12 709][Px11eb][Txfbd700][DBG] LENGINE    leng_rpc.c 533  luacRPCFuncProto_Invoke() [out] ret = 0
[2022/07/08 16:44:12 709][Px11eb][Txfbd700][DBG] LENGINE    leng_main. 345  lEngine_LoadEnv() [out] successfully
[2022/07/08 16:44:12 709][Px11eb][Txfbd700][DBG] LENGINE    leng_main. 571  local_grm, eng = l_engine_5, env = c2c15c40, L = c2c0d520
[2022/07/08 16:44:12 709][Px11eb][Txfbd700][INF] LENGINE    leng_main. 572  l_engine_5 occupancy: 1 (33%)
[2022/07/08 16:44:12 709][Px11eb][Txfbd700][DBG] LENGINE    leng_main. 586  ENGINE_MSG_UNLOAD
[2022/07/08 16:44:12 709][Px11eb][Txfbd700][DBG] LENGINE    leng_rpc.c 416  luacRPCFuncProto_Invoke(e40137f0,c2c15c40) [in]
[2022/07/08 16:44:12 709][Px11eb][Txfbd700][TRC] LMOD       luac_logge 170  [grm_lex:267:SYS_MSG_UNLOAD  ]
[2022/07/08 16:44:12 709][Px11eb][Txfbd700][DBG] LENGINE    leng_rpc.c 533  luacRPCFuncProto_Invoke() [out] ret = 0
[2022/07/08 16:44:12 709][Px11eb][Txfbd700][DBG] LENGINE    leng_main. 623  [local_grm] active, go bg!
[2022/07/08 16:44:12 709][Px11eb][Txfbd700][DBG] LENGINE    leng_main. 690  ENGINE_MSG_REGCB
[2022/07/08 16:44:12 709][Px11eb][Txfbd700][DBG] LENGINE    leng_main. 715  local_grm (grmMessageCallBackC)
[2022/07/08 16:44:12 709][Px11eb][Txfbd700][DBG] LENGINE    leng_rpc.c 416  luacRPCFuncProto_Invoke(e40137f0,c2c15c40) [in]
[2022/07/08 16:44:12 709][Px11eb][Txfbd700][TRC] LMOD       luac_logge 170  [grm_lex:281:SYS_MSG_REGCB  ]
[2022/07/08 16:44:12 709][Px11eb][Txfbd700][DBG] LENGINE    leng_rpc.c 533  luacRPCFuncProto_Invoke() [out] ret = 0
[2022/07/08 16:44:12 709][Px11eb][Txfbd700][DBG] LENGINE    leng_main. 517  ENGINE_MSG_RPC_ASYNC
[2022/07/08 16:44:12 709][Px11eb][Txfbd700][DBG] LENGINE    leng_main. 525  [local_grm], stat = 1
[2022/07/08 16:44:12 709][Px11eb][Txfbd700][DBG] LENGINE    leng_rpc.c 416  luacRPCFuncProto_Invoke(c2c0cc80,c2c15c40) [in]
[2022/07/08 16:44:12 709][Px11eb][Txfbd700][TRC] LMOD       luac_logge 170  [grm_lex:251:ISR_MSG_BUILDGRAMMAR  ]
[2022/07/08 16:44:12 709][Px11eb][Txfbd700][TRC] LMOD       luac_logge 170  [grm_lex:100:grm_type :  bnf  ]
[2022/07/08 16:44:12 709][Px11eb][Txfbd700][TRC] LMOD       luac_logge 170  [grm_lex:106:engine_type  :  local  ]
[2022/07/08 16:44:12 709][Px11eb][Txfbd700][TRC] LMOD       luac_logge 170  [grm_lex:106:asr_res_path  :  fo|res/asr/common.jet  ]
[2022/07/08 16:44:12 709][Px11eb][Tx4791740][TRC] LENGINE    leng_shell 369  lEngine_Stop() [out] 0
[2022/07/08 16:44:12 709][Px11eb][Tx4791740][TRC] QISR       qisr.c     998  QISRBuildGrammar() [out] 0
[2022/07/08 16:44:12 709][Px11eb][Txfbd700][TRC] LMOD       luac_logge 170  [grm_lex:106:sample_rate  :  16000  ]
[2022/07/08 16:44:12 709][Px11eb][Txfbd700][TRC] LMOD       luac_logge 170  [grm_lex:106:grm_build_path  :  res/asr/GrmBuilld  ]
[2022/07/08 16:44:12 709][Px11eb][Txfbd700][TRC] LENGINE    leng_shell 109  lEngine_Start(e4009cd8,e400f418,0, 0) [in]
[2022/07/08 16:44:12 710][Px11eb][Txfbd700][INF] LLOADER    lloader.c  327  load isr_local
[2022/07/08 16:44:12 710][Px11eb][Txfbd700][ERR] LLOADER    lloader.c  390  not found!
[2022/07/08 16:44:12 710][Px11eb][Txfbd700][ERR] LENGINE    leng_shell 195  load isr_local.lmod failed! 16001
[2022/07/08 16:44:12 710][Px11eb][Txfbd700][TRC] LENGINE    leng_shell 275  lEngine_Start() [out] 16001
[2022/07/08 16:44:12 710][Px11eb][Txfbd700][TRC] LMOD       luac_logge 170  [grm_lex:254:ISR_MSG_BUILDGRAMMAR ret =  10107  ]
[2022/07/08 16:44:12 710][Px11eb][Txfbd700][TRC] QISR       qisr.c     864  grmMessageCallBackC| enter
[2022/07/08 16:44:12 710][Px11eb][Txfbd700][TRC] QISR       qisr.c     895  grmMessageCallBackC| leave
[2022/07/08 16:44:12 710][Px11eb][Txfbd700][PRF] LENGINE    leng_main. 189  callc(grmMessageCallBackC) cost 0 ms
[2022/07/08 16:44:12 710][Px11eb][Txfbd700][DBG] LENGINE    leng_rpc.c 533  luacRPCFuncProto_Invoke() [out] ret = 0
[2022/07/08 16:44:13 010][Px11eb][Tx4791740][TRC] MSPCMN     msp_cmn.c  1554 MSPLogout() [in]
[2022/07/08 16:44:13 010][Px11eb][Tx4791740][DBG] MSPTHREAD  MSPThreadP 734  POST l_engine_1:5:1:1
[2022/07/08 16:44:13 010][Px11eb][Tx4791740][DBG] MSPTHREAD  MSPThreadP 734  POST l_engine_1:2:1:0
[2022/07/08 16:44:13 010][Px11eb][Tx2fc1700][DBG] LENGINE    leng_main. 750  ENGINE_MSG_EXIT
[2022/07/08 16:44:13 010][Px11eb][Tx2fc1700][DBG] MSPTHREAD  MSPThreadP 872  l_engine_1 END <l_engine_1>
[2022/07/08 16:44:13 010][Px11eb][Tx2fc1700][DBG] MSPTHREAD  MSPThreadP 895  l_engine_1 IDLE
[2022/07/08 16:44:13 010][Px11eb][Tx4791740][DBG] MSPTHREAD  MSPThreadP 734  POST l_engine_2:5:1:1
[2022/07/08 16:44:13 011][Px11eb][Tx4791740][DBG] MSPTHREAD  MSPThreadP 734  POST l_engine_2:2:1:0
[2022/07/08 16:44:13 011][Px11eb][Tx27c0700][DBG] LENGINE    leng_main. 750  ENGINE_MSG_EXIT
[2022/07/08 16:44:13 011][Px11eb][Tx27c0700][DBG] MSPTHREAD  MSPThreadP 872  l_engine_2 END <l_engine_2>
[2022/07/08 16:44:13 011][Px11eb][Tx27c0700][DBG] MSPTHREAD  MSPThreadP 895  l_engine_2 IDLE
[2022/07/08 16:44:13 011][Px11eb][Tx4791740][DBG] MSPTHREAD  MSPThreadP 734  POST l_engine_3:5:1:1
[2022/07/08 16:44:13 011][Px11eb][Tx4791740][DBG] MSPTHREAD  MSPThreadP 734  POST l_engine_3:2:1:0
[2022/07/08 16:44:13 011][Px11eb][Tx1fbf700][DBG] LENGINE    leng_main. 750  ENGINE_MSG_EXIT
[2022/07/08 16:44:13 011][Px11eb][Tx1fbf700][DBG] MSPTHREAD  MSPThreadP 872  l_engine_3 END <l_engine_3>
[2022/07/08 16:44:13 012][Px11eb][Tx1fbf700][DBG] MSPTHREAD  MSPThreadP 895  l_engine_3 IDLE
[2022/07/08 16:44:13 012][Px11eb][Tx4791740][DBG] MSPTHREAD  MSPThreadP 734  POST l_engine_4:5:1:1
[2022/07/08 16:44:13 012][Px11eb][Tx4791740][DBG] MSPTHREAD  MSPThreadP 734  POST l_engine_4:2:1:0
[2022/07/08 16:44:13 012][Px11eb][Tx17be700][DBG] LENGINE    leng_main. 750  ENGINE_MSG_EXIT
[2022/07/08 16:44:13 012][Px11eb][Tx17be700][DBG] MSPTHREAD  MSPThreadP 872  l_engine_4 END <l_engine_4>
[2022/07/08 16:44:13 012][Px11eb][Tx17be700][DBG] MSPTHREAD  MSPThreadP 895  l_engine_4 IDLE
[2022/07/08 16:44:13 012][Px11eb][Tx4791740][DBG] MSPTHREAD  MSPThreadP 734  POST l_engine_5:5:1:1
[2022/07/08 16:44:13 013][Px11eb][Tx4791740][DBG] MSPTHREAD  MSPThreadP 734  POST l_engine_5:2:1:0
[2022/07/08 16:44:13 013][Px11eb][Txfbd700][DBG] LENGINE    leng_main. 750  ENGINE_MSG_EXIT
[2022/07/08 16:44:13 013][Px11eb][Txfbd700][DBG] LENGINE    leng_main. 781  [local_grm] bg, stat = 1
[2022/07/08 16:44:13 013][Px11eb][Txfbd700][DBG] LENGINE    leng_rpc.c 416  luacRPCFuncProto_Invoke(c2c0cc80,c2c15c40) [in]
[2022/07/08 16:44:13 013][Px11eb][Txfbd700][TRC] LMOD       luac_logge 170  [grm_lex:270:SYS_MSG_SHUTDOWN  ]
[2022/07/08 16:44:13 013][Px11eb][Txfbd700][TRC] LENGINE    leng_shell 545  lEngine_Exit(c2c15c40) [in]
[2022/07/08 16:44:13 013][Px11eb][Txfbd700][DBG] LENGINE    leng_shell 549  [local_grm] dying...
[2022/07/08 16:44:13 013][Px11eb][Txfbd700][DBG] MSPTHREAD  MSPThreadP 734  POST l_engine_5:9:1:0
[2022/07/08 16:44:13 013][Px11eb][Txfbd700][TRC] LENGINE    leng_shell 582  lEngine_Exit() [out] 0
[2022/07/08 16:44:13 013][Px11eb][Txfbd700][DBG] LENGINE    leng_rpc.c 533  luacRPCFuncProto_Invoke() [out] ret = 0
[2022/07/08 16:44:13 013][Px11eb][Txfbd700][DBG] MSPTHREAD  MSPThreadP 872  l_engine_5 END <l_engine_5>
[2022/07/08 16:44:13 013][Px11eb][Txfbd700][DBG] MSPTHREAD  MSPThreadP 895  l_engine_5 IDLE
[2022/07/08 16:44:13 013][Px11eb][Tx4791740][DBG] MSPTHREAD  MSPThreadP 734  POST l_engine_6:5:1:1
[2022/07/08 16:44:13 014][Px11eb][Tx4791740][DBG] MSPTHREAD  MSPThreadP 734  POST l_engine_6:2:1:0
[2022/07/08 16:44:13 014][Px11eb][Txebfff700][DBG] LENGINE    leng_main. 750  ENGINE_MSG_EXIT
[2022/07/08 16:44:13 014][Px11eb][Txebfff700][DBG] LENGINE    leng_main. 781  [lgi_] bg, stat = 1
[2022/07/08 16:44:13 014][Px11eb][Txebfff700][DBG] LENGINE    leng_rpc.c 416  luacRPCFuncProto_Invoke(e00489e0,c2c0b5e0) [in]
[2022/07/08 16:44:13 014][Px11eb][Txebfff700][TRC] LMOD       luac_logge 170  [lgi:697:SYS_MSG_SHUTDOWN  ]
[2022/07/08 16:44:13 014][Px11eb][Txebfff700][DBG] LENGINE    leng_rpc.c 533  luacRPCFuncProto_Invoke() [out] ret = 0
[2022/07/08 16:44:13 014][Px11eb][Txebfff700][DBG] MSPTHREAD  MSPThreadP 872  l_engine_6 END <l_engine_6>
[2022/07/08 16:44:13 014][Px11eb][Txebfff700][DBG] MSPTHREAD  MSPThreadP 895  l_engine_6 IDLE
[2022/07/08 16:44:13 014][Px11eb][Tx4791740][TRC] LUAC_CLEAN luac_clean 205  luacCleaner_Stop() [in]
[2022/07/08 16:44:13 015][Px11eb][Tx4791740][TRC] LUAC_CLEAN luac_clean 248  luacCleaner_Stop() [out] 0
[2022/07/08 16:44:13 015][Px11eb][Tx4791740][DBG] MSPTHREAD  MSPThreadP 734  POST socket_main_0:10:1:1
[2022/07/08 16:44:13 015][Px11eb][Tx4791740][DBG] MSPTHREAD  MSPThreadP 734  POST socket_main_0:2:1:0
[2022/07/08 16:44:13 015][Px11eb][Tx3fc3700][TRC] MSPSOCKET  MSPSocket. 1191 EXIT MSG
[2022/07/08 16:44:13 015][Px11eb][Tx3fc3700][DBG] MSPTHREAD  MSPThreadP 872  socket_main_0 END <socket_main_0>
[2022/07/08 16:44:13 015][Px11eb][Tx3fc3700][DBG] MSPTHREAD  MSPThreadP 895  socket_main_0 IDLE
[2022/07/08 16:44:13 015][Px11eb][Tx4791740][DBG] MSPTHREAD  MSPThreadP 734  POST l_engine_1:3:1:1
[2022/07/08 16:44:13 015][Px11eb][Tx2fc1700][DBG] MSPTHREAD  MSPThreadP 851  l_engine_1 DEAD
[2022/07/08 16:44:13 015][Px11eb][Tx4791740][DBG] MSPTHREAD  MSPThreadP 734  POST l_engine_2:3:1:1
[2022/07/08 16:44:13 016][Px11eb][Tx27c0700][DBG] MSPTHREAD  MSPThreadP 851  l_engine_2 DEAD
[2022/07/08 16:44:13 016][Px11eb][Tx4791740][DBG] MSPTHREAD  MSPThreadP 734  POST l_engine_3:3:1:1
[2022/07/08 16:44:13 016][Px11eb][Tx1fbf700][DBG] MSPTHREAD  MSPThreadP 851  l_engine_3 DEAD
[2022/07/08 16:44:13 016][Px11eb][Tx4791740][DBG] MSPTHREAD  MSPThreadP 734  POST l_engine_4:3:1:1
[2022/07/08 16:44:13 016][Px11eb][Tx17be700][DBG] MSPTHREAD  MSPThreadP 851  l_engine_4 DEAD
[2022/07/08 16:44:13 017][Px11eb][Tx4791740][DBG] MSPTHREAD  MSPThreadP 734  POST l_engine_5:3:1:1
[2022/07/08 16:44:13 017][Px11eb][Txfbd700][DBG] MSPTHREAD  MSPThreadP 851  l_engine_5 DEAD
[2022/07/08 16:44:13 017][Px11eb][Tx4791740][DBG] MSPTHREAD  MSPThreadP 734  POST l_engine_6:3:1:1
[2022/07/08 16:44:13 017][Px11eb][Txebfff700][DBG] MSPTHREAD  MSPThreadP 851  l_engine_6 DEAD
[2022/07/08 16:44:13 017][Px11eb][Tx4791740][DBG] MSPTHREAD  MSPThreadP 734  POST socket_main_0:3:1:1
[2022/07/08 16:44:13 017][Px11eb][Tx3fc3700][DBG] MSPTHREAD  MSPThreadP 851  socket_main_0 DEAD
